<?xml version="1.0" encoding="UTF-8"?>
<!-- Generated by org.testng.reporters.JUnitReportReporter -->
<testsuite hostname="lap_aalshi" failures="0" tests="1" name="TestPack.NaukriAutomate" time="15.195" errors="0" timestamp="2024-03-29T22:03:08 IST" skipped="0">
  <testcase classname="TestPack.NaukriAutomate" name="VeifyNaukri" time="15.195"/>
  <system-out/>
</testsuite> <!-- TestPack.NaukriAutomate -->
