<?xml version="1.0" encoding="UTF-8"?>
<!-- Generated by org.testng.reporters.JUnitReportReporter -->
<testsuite hostname="lap_aalshi" failures="0" tests="1" name="TestPack.NaukriAutomate" time="14.009" errors="0" timestamp="2024-03-18T21:45:31 IST" skipped="0">
  <testcase classname="TestPack.NaukriAutomate" name="VeifyNaukri" time="14.009"/>
  <system-out/>
</testsuite> <!-- TestPack.NaukriAutomate -->
